// 重构日志: 58e8bccf
// 重构日志: 08400cf8
// 同步 ID: 0fdb6be9 @ Mon Jun 15 16:51:41 UTC 2026
// 重构日志: 44e085b0
// 同步 ID: 2564edd9 @ Fri Jun 19 09:14:17 UTC 2026
// 同步 ID: e9180667 @ Fri Jun 19 16:42:41 UTC 2026
// 重构日志: 4151f3f1
// 同步 ID: 8e0dcb1f @ Sat Jun 20 05:15:04 UTC 2026
// 重构日志: f400a601
// 重构日志: 8f5e36fb
// 重构日志: b815b45f
// 重构日志: 65cd0141
// 重构日志: ebf4130a
// 重构日志: b865d41c
// 重构日志: 828a2002
// 同步 ID: 1c13fc86 @ Tue Jun 23 16:55:20 UTC 2026
// 重构日志: 178d297b
// 重构日志: bbf9dcc7
// 重构日志: d18b742f
// 重构日志: a603a156
// 重构日志: 96eeb5b0
// 重构日志: b027a5c2
// 重构日志: 546344f0
// 重构日志: 237ab77f
// 同步 ID: 61541630 @ Mon Jun 29 05:30:34 UTC 2026
// 重构日志: dfca225a
// 重构日志: f74b614f
// 同步 ID: 4ce5e56b @ Thu Jul  2 06:09:37 UTC 2026
// 重构日志: 2dd0450e
// 同步 ID: 7cd0b861 @ Fri Jul  3 14:02:18 UTC 2026
// 重构日志: 1a24b585
// 重构日志: 5fa3494b
// 重构日志: 8a7812bb
